2022-04-20 10:26:38.365 [main] DEBUG ca.bytetube.communityApp.CommunityappApplication - Running with Spring Boot v2.6.6, Spring v5.3.18
2022-04-20 10:26:56.553 [http-nio-8080-exec-9] DEBUG ca.bytetube.communityApp.dao.ShopDao.queryShopList - ==>  Preparing: SELECT s.shop_id, s.shop_name, s.shop_desc, s.shop_addr, s.phone, s.shop_img, s.priority, s.create_time, s.last_edit_time, s.enable_status, s.advice, a.area_id, a.area_name, sc.shop_category_id, sc.shop_category_name FROM tb_shop s, tb_area a, tb_shop_category sc WHERE s.area_id=a.area_id AND s.shop_category_id = sc.shop_category_id ORDER BY s.priority DESC LIMIT ?,?;
2022-04-20 10:26:56.575 [http-nio-8080-exec-9] DEBUG ca.bytetube.communityApp.dao.ShopDao.queryShopList - ==> Parameters: 0(Integer), 100(Integer)
2022-04-20 10:26:56.637 [http-nio-8080-exec-9] DEBUG ca.bytetube.communityApp.dao.ShopDao.queryShopList - <==      Total: 21
2022-04-20 10:26:56.640 [http-nio-8080-exec-9] DEBUG c.bytetube.communityApp.dao.ShopDao.queryShopCount - ==>  Preparing: SELECT count(1) FROM tb_shop s, tb_area a, tb_shop_category sc WHERE s.area_id=a.area_id AND s.shop_category_id = sc.shop_category_id
2022-04-20 10:26:56.640 [http-nio-8080-exec-9] DEBUG c.bytetube.communityApp.dao.ShopDao.queryShopCount - ==> Parameters: 
2022-04-20 10:26:56.684 [http-nio-8080-exec-9] DEBUG c.bytetube.communityApp.dao.ShopDao.queryShopCount - <==      Total: 1
2022-04-20 10:27:00.725 [http-nio-8080-exec-2] DEBUG c.b.communityApp.dao.ProductDao.queryProductList - ==>  Preparing: SELECT product_id, product_name, product_desc, img_addr, normal_price, promotion_price, priority, create_time, last_edit_time, enable_status, point, product_category_id, shop_id FROM tb_product WHERE shop_id = ? ORDER BY priority DESC LIMIT ?,?;
2022-04-20 10:27:00.726 [http-nio-8080-exec-2] DEBUG c.b.communityApp.dao.ProductDao.queryProductList - ==> Parameters: 1(Long), 0(Integer), 999(Integer)
2022-04-20 10:27:00.775 [http-nio-8080-exec-2] DEBUG c.b.communityApp.dao.ProductDao.queryProductList - <==      Total: 20
2022-04-20 10:27:00.777 [http-nio-8080-exec-2] DEBUG c.b.communityApp.dao.ProductDao.queryProductCount - ==>  Preparing: SELECT count(1) FROM tb_product WHERE shop_id = ?
2022-04-20 10:27:00.778 [http-nio-8080-exec-2] DEBUG c.b.communityApp.dao.ProductDao.queryProductCount - ==> Parameters: 1(Long)
2022-04-20 10:27:00.814 [http-nio-8080-exec-2] DEBUG c.b.communityApp.dao.ProductDao.queryProductCount - <==      Total: 1
2022-04-20 10:27:03.742 [http-nio-8080-exec-9] DEBUG c.b.communityApp.dao.ProductDao.queryProductById - ==>  Preparing: SELECT p.product_id, p.product_name, p.product_desc, p.img_addr, p.normal_price, p.promotion_price, p.priority, p.create_time, p.last_edit_time, p.enable_status, p.point, p.product_category_id, p.shop_id, pm.product_img_id, pm.img_addr AS detail_img, pm.img_desc, pm.priority, pm.create_time FROM tb_product p LEFT JOIN tb_product_img pm ON p.product_id = pm.product_id WHERE p.product_id = ? ORDER BY pm.priority DESC
2022-04-20 10:27:03.743 [http-nio-8080-exec-9] DEBUG c.b.communityApp.dao.ProductDao.queryProductById - ==> Parameters: 1(Long)
2022-04-20 10:27:03.790 [http-nio-8080-exec-9] DEBUG c.b.communityApp.dao.ProductDao.queryProductById - <==      Total: 1
2022-04-20 10:27:03.793 [http-nio-8080-exec-9] DEBUG c.b.c.d.P.queryProductCategoryList - ==>  Preparing: SELECT product_category_id, product_category_name, priority, create_time, shop_id FROM tb_product_category WHERE shop_id = ? ORDER BY priority DESC
2022-04-20 10:27:03.793 [http-nio-8080-exec-9] DEBUG c.b.c.d.P.queryProductCategoryList - ==> Parameters: 1(Long)
2022-04-20 10:27:03.828 [http-nio-8080-exec-9] DEBUG c.b.c.d.P.queryProductCategoryList - <==      Total: 10
2022-04-20 10:31:01.421 [main] DEBUG ca.bytetube.communityApp.CommunityappApplication - Running with Spring Boot v2.6.6, Spring v5.3.18
2022-04-20 10:31:19.005 [http-nio-8080-exec-4] DEBUG c.b.c.dao.ShopCategoryDao.queryShopCategory - ==>  Preparing: SELECT shop_category_id, shop_category_name, shop_category_desc, shop_category_img, priority, create_time, last_edit_time, parent_id FROM tb_shop_category WHERE parent_id is null ORDER BY priority DESC
2022-04-20 10:31:19.024 [http-nio-8080-exec-4] DEBUG c.b.c.dao.ShopCategoryDao.queryShopCategory - ==> Parameters: 
2022-04-20 10:31:19.081 [http-nio-8080-exec-4] DEBUG c.b.c.dao.ShopCategoryDao.queryShopCategory - <==      Total: 8
2022-04-20 10:31:23.066 [http-nio-8080-exec-7] DEBUG c.b.c.dao.ShopCategoryDao.queryShopCategory - ==>  Preparing: SELECT shop_category_id, shop_category_name, shop_category_desc, shop_category_img, priority, create_time, last_edit_time, parent_id FROM tb_shop_category WHERE parent_id is null ORDER BY priority DESC
2022-04-20 10:31:23.067 [http-nio-8080-exec-7] DEBUG c.b.c.dao.ShopCategoryDao.queryShopCategory - ==> Parameters: 
2022-04-20 10:31:23.108 [http-nio-8080-exec-7] DEBUG c.b.c.dao.ShopCategoryDao.queryShopCategory - <==      Total: 8
2022-04-20 10:32:00.511 [http-nio-8080-exec-5] DEBUG ca.bytetube.communityApp.dao.ShopDao.queryShopList - ==>  Preparing: SELECT s.shop_id, s.shop_name, s.shop_desc, s.shop_addr, s.phone, s.shop_img, s.priority, s.create_time, s.last_edit_time, s.enable_status, s.advice, a.area_id, a.area_name, sc.shop_category_id, sc.shop_category_name FROM tb_shop s, tb_area a, tb_shop_category sc WHERE s.shop_category_id in (select shop_category_id from tb_shop_category WHERE parent_id = ?) and s.enable_status = ? AND s.area_id=a.area_id AND s.shop_category_id = sc.shop_category_id ORDER BY s.priority DESC LIMIT ?,?;
2022-04-20 10:32:00.512 [http-nio-8080-exec-5] DEBUG ca.bytetube.communityApp.dao.ShopDao.queryShopList - ==> Parameters: 3(Long), 1(Integer), 0(Integer), 8(Integer)
2022-04-20 10:32:00.546 [http-nio-8080-exec-5] DEBUG ca.bytetube.communityApp.dao.ShopDao.queryShopList - <==      Total: 2
2022-04-20 10:32:00.547 [http-nio-8080-exec-5] DEBUG c.bytetube.communityApp.dao.ShopDao.queryShopCount - ==>  Preparing: SELECT count(1) FROM tb_shop s, tb_area a, tb_shop_category sc WHERE s.shop_category_id in (select shop_category_id from tb_shop_category WHERE parent_id = ?) and s.enable_status = ? AND s.area_id=a.area_id AND s.shop_category_id = sc.shop_category_id
2022-04-20 10:32:00.548 [http-nio-8080-exec-5] DEBUG c.bytetube.communityApp.dao.ShopDao.queryShopCount - ==> Parameters: 3(Long), 1(Integer)
2022-04-20 10:32:00.578 [http-nio-8080-exec-5] DEBUG c.bytetube.communityApp.dao.ShopDao.queryShopCount - <==      Total: 1
2022-04-20 10:32:00.611 [http-nio-8080-exec-2] DEBUG c.b.c.dao.ShopCategoryDao.queryShopCategory - ==>  Preparing: SELECT shop_category_id, shop_category_name, shop_category_desc, shop_category_img, priority, create_time, last_edit_time, parent_id FROM tb_shop_category WHERE parent_id is not null and parent_id = ? ORDER BY priority DESC
2022-04-20 10:32:00.611 [http-nio-8080-exec-2] DEBUG c.b.c.dao.ShopCategoryDao.queryShopCategory - ==> Parameters: 3(Long)
2022-04-20 10:32:00.647 [http-nio-8080-exec-2] DEBUG c.b.c.dao.ShopCategoryDao.queryShopCategory - <==      Total: 4
2022-04-20 10:32:02.586 [http-nio-8080-exec-7] DEBUG c.b.c.dao.ShopCategoryDao.queryShopCategory - ==>  Preparing: SELECT shop_category_id, shop_category_name, shop_category_desc, shop_category_img, priority, create_time, last_edit_time, parent_id FROM tb_shop_category WHERE parent_id is null ORDER BY priority DESC
2022-04-20 10:32:02.587 [http-nio-8080-exec-7] DEBUG c.b.c.dao.ShopCategoryDao.queryShopCategory - ==> Parameters: 
2022-04-20 10:32:02.625 [http-nio-8080-exec-7] DEBUG c.b.c.dao.ShopCategoryDao.queryShopCategory - <==      Total: 8
2022-04-20 10:32:09.432 [http-nio-8080-exec-8] DEBUG c.b.c.dao.ShopCategoryDao.queryShopCategory - ==>  Preparing: SELECT shop_category_id, shop_category_name, shop_category_desc, shop_category_img, priority, create_time, last_edit_time, parent_id FROM tb_shop_category WHERE parent_id is null ORDER BY priority DESC
2022-04-20 10:32:09.432 [http-nio-8080-exec-8] DEBUG c.b.c.dao.ShopCategoryDao.queryShopCategory - ==> Parameters: 
2022-04-20 10:32:09.477 [http-nio-8080-exec-8] DEBUG c.b.c.dao.ShopCategoryDao.queryShopCategory - <==      Total: 8
2022-04-20 11:20:38.634 [main] DEBUG ca.bytetube.communityApp.CommunityappApplication - Running with Spring Boot v2.6.6, Spring v5.3.18
2022-04-20 11:20:47.184 [http-nio-8080-exec-9] DEBUG c.b.c.dao.ShopCategoryDao.queryShopCategory - ==>  Preparing: SELECT shop_category_id, shop_category_name, shop_category_desc, shop_category_img, priority, create_time, last_edit_time, parent_id FROM tb_shop_category WHERE parent_id is null ORDER BY priority DESC
2022-04-20 11:20:47.203 [http-nio-8080-exec-9] DEBUG c.b.c.dao.ShopCategoryDao.queryShopCategory - ==> Parameters: 
2022-04-20 11:20:47.263 [http-nio-8080-exec-9] DEBUG c.b.c.dao.ShopCategoryDao.queryShopCategory - <==      Total: 8
2022-04-20 11:20:52.291 [http-nio-8080-exec-5] DEBUG ca.bytetube.communityApp.dao.ShopDao.queryShopList - ==>  Preparing: SELECT s.shop_id, s.shop_name, s.shop_desc, s.shop_addr, s.phone, s.shop_img, s.priority, s.create_time, s.last_edit_time, s.enable_status, s.advice, a.area_id, a.area_name, sc.shop_category_id, sc.shop_category_name FROM tb_shop s, tb_area a, tb_shop_category sc WHERE s.shop_category_id in (select shop_category_id from tb_shop_category WHERE parent_id = ?) and s.enable_status = ? AND s.area_id=a.area_id AND s.shop_category_id = sc.shop_category_id ORDER BY s.priority DESC LIMIT ?,?;
2022-04-20 11:20:52.293 [http-nio-8080-exec-5] DEBUG ca.bytetube.communityApp.dao.ShopDao.queryShopList - ==> Parameters: 3(Long), 1(Integer), 0(Integer), 8(Integer)
2022-04-20 11:20:52.330 [http-nio-8080-exec-5] DEBUG ca.bytetube.communityApp.dao.ShopDao.queryShopList - <==      Total: 2
2022-04-20 11:20:52.332 [http-nio-8080-exec-5] DEBUG c.bytetube.communityApp.dao.ShopDao.queryShopCount - ==>  Preparing: SELECT count(1) FROM tb_shop s, tb_area a, tb_shop_category sc WHERE s.shop_category_id in (select shop_category_id from tb_shop_category WHERE parent_id = ?) and s.enable_status = ? AND s.area_id=a.area_id AND s.shop_category_id = sc.shop_category_id
2022-04-20 11:20:52.332 [http-nio-8080-exec-5] DEBUG c.bytetube.communityApp.dao.ShopDao.queryShopCount - ==> Parameters: 3(Long), 1(Integer)
2022-04-20 11:20:52.367 [http-nio-8080-exec-5] DEBUG c.bytetube.communityApp.dao.ShopDao.queryShopCount - <==      Total: 1
2022-04-20 11:20:52.394 [http-nio-8080-exec-8] DEBUG c.b.c.dao.ShopCategoryDao.queryShopCategory - ==>  Preparing: SELECT shop_category_id, shop_category_name, shop_category_desc, shop_category_img, priority, create_time, last_edit_time, parent_id FROM tb_shop_category WHERE parent_id is not null and parent_id = ? ORDER BY priority DESC
2022-04-20 11:20:52.394 [http-nio-8080-exec-8] DEBUG c.b.c.dao.ShopCategoryDao.queryShopCategory - ==> Parameters: 3(Long)
2022-04-20 11:20:52.433 [http-nio-8080-exec-8] DEBUG c.b.c.dao.ShopCategoryDao.queryShopCategory - <==      Total: 4
2022-04-20 11:20:59.253 [http-nio-8080-exec-8] DEBUG ca.bytetube.communityApp.dao.ShopDao.queryByShopId - ==>  Preparing: SELECT s.shop_id, s.shop_name, s.shop_desc, s.shop_addr, s.phone, s.shop_img, s.priority, s.create_time, s.last_edit_time, s.enable_status, s.advice, a.area_id, a.area_name, sc.shop_category_id, sc.shop_category_name FROM tb_shop s, tb_area a, tb_shop_category sc WHERE s.area_id=a.area_id AND s.shop_category_id = sc.shop_category_id AND s.shop_id = ?
2022-04-20 11:20:59.253 [http-nio-8080-exec-8] DEBUG ca.bytetube.communityApp.dao.ShopDao.queryByShopId - ==> Parameters: 1(Long)
2022-04-20 11:20:59.263 [http-nio-8080-exec-4] DEBUG c.b.communityApp.dao.ProductDao.queryProductList - ==>  Preparing: SELECT product_id, product_name, product_desc, img_addr, normal_price, promotion_price, priority, create_time, last_edit_time, enable_status, point, product_category_id, shop_id FROM tb_product WHERE shop_id = ? and enable_status = ? ORDER BY priority DESC LIMIT ?,?;
2022-04-20 11:20:59.264 [http-nio-8080-exec-4] DEBUG c.b.communityApp.dao.ProductDao.queryProductList - ==> Parameters: 1(Long), 1(Integer), 0(Integer), 3(Integer)
2022-04-20 11:20:59.300 [http-nio-8080-exec-8] DEBUG ca.bytetube.communityApp.dao.ShopDao.queryByShopId - <==      Total: 1
2022-04-20 11:20:59.301 [http-nio-8080-exec-4] DEBUG c.b.communityApp.dao.ProductDao.queryProductList - <==      Total: 3
2022-04-20 11:20:59.302 [http-nio-8080-exec-4] DEBUG c.b.communityApp.dao.ProductDao.queryProductCount - ==>  Preparing: SELECT count(1) FROM tb_product WHERE shop_id = ? and enable_status = ?
2022-04-20 11:20:59.302 [http-nio-8080-exec-4] DEBUG c.b.communityApp.dao.ProductDao.queryProductCount - ==> Parameters: 1(Long), 1(Integer)
2022-04-20 11:20:59.303 [http-nio-8080-exec-8] DEBUG c.b.c.d.P.queryProductCategoryList - ==>  Preparing: SELECT product_category_id, product_category_name, priority, create_time, shop_id FROM tb_product_category WHERE shop_id = ? ORDER BY priority DESC
2022-04-20 11:20:59.303 [http-nio-8080-exec-8] DEBUG c.b.c.d.P.queryProductCategoryList - ==> Parameters: 1(Long)
2022-04-20 11:20:59.340 [http-nio-8080-exec-4] DEBUG c.b.communityApp.dao.ProductDao.queryProductCount - <==      Total: 1
2022-04-20 11:20:59.341 [http-nio-8080-exec-8] DEBUG c.b.c.d.P.queryProductCategoryList - <==      Total: 10
2022-04-20 11:21:01.646 [http-nio-8080-exec-3] DEBUG ca.bytetube.communityApp.dao.ShopDao.queryShopList - ==>  Preparing: SELECT s.shop_id, s.shop_name, s.shop_desc, s.shop_addr, s.phone, s.shop_img, s.priority, s.create_time, s.last_edit_time, s.enable_status, s.advice, a.area_id, a.area_name, sc.shop_category_id, sc.shop_category_name FROM tb_shop s, tb_area a, tb_shop_category sc WHERE s.shop_category_id in (select shop_category_id from tb_shop_category WHERE parent_id = ?) and s.enable_status = ? AND s.area_id=a.area_id AND s.shop_category_id = sc.shop_category_id ORDER BY s.priority DESC LIMIT ?,?;
2022-04-20 11:21:01.647 [http-nio-8080-exec-3] DEBUG ca.bytetube.communityApp.dao.ShopDao.queryShopList - ==> Parameters: 3(Long), 1(Integer), 0(Integer), 8(Integer)
2022-04-20 11:21:01.757 [http-nio-8080-exec-3] DEBUG ca.bytetube.communityApp.dao.ShopDao.queryShopList - <==      Total: 2
2022-04-20 11:21:01.759 [http-nio-8080-exec-3] DEBUG c.bytetube.communityApp.dao.ShopDao.queryShopCount - ==>  Preparing: SELECT count(1) FROM tb_shop s, tb_area a, tb_shop_category sc WHERE s.shop_category_id in (select shop_category_id from tb_shop_category WHERE parent_id = ?) and s.enable_status = ? AND s.area_id=a.area_id AND s.shop_category_id = sc.shop_category_id
2022-04-20 11:21:01.759 [http-nio-8080-exec-3] DEBUG c.bytetube.communityApp.dao.ShopDao.queryShopCount - ==> Parameters: 3(Long), 1(Integer)
2022-04-20 11:21:01.794 [http-nio-8080-exec-3] DEBUG c.bytetube.communityApp.dao.ShopDao.queryShopCount - <==      Total: 1
2022-04-20 11:21:01.857 [http-nio-8080-exec-5] DEBUG c.b.c.dao.ShopCategoryDao.queryShopCategory - ==>  Preparing: SELECT shop_category_id, shop_category_name, shop_category_desc, shop_category_img, priority, create_time, last_edit_time, parent_id FROM tb_shop_category WHERE parent_id is not null and parent_id = ? ORDER BY priority DESC
2022-04-20 11:21:01.858 [http-nio-8080-exec-5] DEBUG c.b.c.dao.ShopCategoryDao.queryShopCategory - ==> Parameters: 3(Long)
2022-04-20 11:21:01.911 [http-nio-8080-exec-5] DEBUG c.b.c.dao.ShopCategoryDao.queryShopCategory - <==      Total: 4
2022-04-20 11:21:07.641 [http-nio-8080-exec-5] DEBUG ca.bytetube.communityApp.dao.ShopDao.queryByShopId - ==>  Preparing: SELECT s.shop_id, s.shop_name, s.shop_desc, s.shop_addr, s.phone, s.shop_img, s.priority, s.create_time, s.last_edit_time, s.enable_status, s.advice, a.area_id, a.area_name, sc.shop_category_id, sc.shop_category_name FROM tb_shop s, tb_area a, tb_shop_category sc WHERE s.area_id=a.area_id AND s.shop_category_id = sc.shop_category_id AND s.shop_id = ?
2022-04-20 11:21:07.642 [http-nio-8080-exec-5] DEBUG ca.bytetube.communityApp.dao.ShopDao.queryByShopId - ==> Parameters: 1(Long)
2022-04-20 11:21:07.642 [http-nio-8080-exec-6] DEBUG c.b.communityApp.dao.ProductDao.queryProductList - ==>  Preparing: SELECT product_id, product_name, product_desc, img_addr, normal_price, promotion_price, priority, create_time, last_edit_time, enable_status, point, product_category_id, shop_id FROM tb_product WHERE shop_id = ? and enable_status = ? ORDER BY priority DESC LIMIT ?,?;
2022-04-20 11:21:07.642 [http-nio-8080-exec-6] DEBUG c.b.communityApp.dao.ProductDao.queryProductList - ==> Parameters: 1(Long), 1(Integer), 0(Integer), 3(Integer)
2022-04-20 11:21:07.683 [http-nio-8080-exec-5] DEBUG ca.bytetube.communityApp.dao.ShopDao.queryByShopId - <==      Total: 1
2022-04-20 11:21:07.684 [http-nio-8080-exec-6] DEBUG c.b.communityApp.dao.ProductDao.queryProductList - <==      Total: 3
2022-04-20 11:21:07.684 [http-nio-8080-exec-5] DEBUG c.b.c.d.P.queryProductCategoryList - ==>  Preparing: SELECT product_category_id, product_category_name, priority, create_time, shop_id FROM tb_product_category WHERE shop_id = ? ORDER BY priority DESC
2022-04-20 11:21:07.684 [http-nio-8080-exec-5] DEBUG c.b.c.d.P.queryProductCategoryList - ==> Parameters: 1(Long)
2022-04-20 11:21:07.685 [http-nio-8080-exec-6] DEBUG c.b.communityApp.dao.ProductDao.queryProductCount - ==>  Preparing: SELECT count(1) FROM tb_product WHERE shop_id = ? and enable_status = ?
2022-04-20 11:21:07.685 [http-nio-8080-exec-6] DEBUG c.b.communityApp.dao.ProductDao.queryProductCount - ==> Parameters: 1(Long), 1(Integer)
2022-04-20 11:21:07.723 [http-nio-8080-exec-6] DEBUG c.b.communityApp.dao.ProductDao.queryProductCount - <==      Total: 1
2022-04-20 11:21:07.727 [http-nio-8080-exec-5] DEBUG c.b.c.d.P.queryProductCategoryList - <==      Total: 10
2022-04-20 11:21:08.483 [http-nio-8080-exec-3] DEBUG c.b.communityApp.dao.ProductDao.queryProductList - ==>  Preparing: SELECT product_id, product_name, product_desc, img_addr, normal_price, promotion_price, priority, create_time, last_edit_time, enable_status, point, product_category_id, shop_id FROM tb_product WHERE shop_id = ? and enable_status = ? ORDER BY priority DESC LIMIT ?,?;
2022-04-20 11:21:08.484 [http-nio-8080-exec-3] DEBUG c.b.communityApp.dao.ProductDao.queryProductList - ==> Parameters: 1(Long), 1(Integer), 3(Integer), 3(Integer)
2022-04-20 11:21:08.575 [http-nio-8080-exec-3] DEBUG c.b.communityApp.dao.ProductDao.queryProductList - <==      Total: 3
2022-04-20 11:21:08.577 [http-nio-8080-exec-3] DEBUG c.b.communityApp.dao.ProductDao.queryProductCount - ==>  Preparing: SELECT count(1) FROM tb_product WHERE shop_id = ? and enable_status = ?
2022-04-20 11:21:08.578 [http-nio-8080-exec-3] DEBUG c.b.communityApp.dao.ProductDao.queryProductCount - ==> Parameters: 1(Long), 1(Integer)
2022-04-20 11:21:08.628 [http-nio-8080-exec-3] DEBUG c.b.communityApp.dao.ProductDao.queryProductCount - <==      Total: 1
2022-04-20 11:21:08.864 [http-nio-8080-exec-6] DEBUG c.b.communityApp.dao.ProductDao.queryProductList - ==>  Preparing: SELECT product_id, product_name, product_desc, img_addr, normal_price, promotion_price, priority, create_time, last_edit_time, enable_status, point, product_category_id, shop_id FROM tb_product WHERE shop_id = ? and enable_status = ? ORDER BY priority DESC LIMIT ?,?;
2022-04-20 11:21:08.865 [http-nio-8080-exec-6] DEBUG c.b.communityApp.dao.ProductDao.queryProductList - ==> Parameters: 1(Long), 1(Integer), 6(Integer), 3(Integer)
2022-04-20 11:21:09.003 [http-nio-8080-exec-6] DEBUG c.b.communityApp.dao.ProductDao.queryProductList - <==      Total: 3
2022-04-20 11:21:09.004 [http-nio-8080-exec-6] DEBUG c.b.communityApp.dao.ProductDao.queryProductCount - ==>  Preparing: SELECT count(1) FROM tb_product WHERE shop_id = ? and enable_status = ?
2022-04-20 11:21:09.005 [http-nio-8080-exec-6] DEBUG c.b.communityApp.dao.ProductDao.queryProductCount - ==> Parameters: 1(Long), 1(Integer)
2022-04-20 11:21:09.037 [http-nio-8080-exec-6] DEBUG c.b.communityApp.dao.ProductDao.queryProductCount - <==      Total: 1
2022-04-20 11:21:09.366 [http-nio-8080-exec-8] DEBUG c.b.communityApp.dao.ProductDao.queryProductList - ==>  Preparing: SELECT product_id, product_name, product_desc, img_addr, normal_price, promotion_price, priority, create_time, last_edit_time, enable_status, point, product_category_id, shop_id FROM tb_product WHERE shop_id = ? and enable_status = ? ORDER BY priority DESC LIMIT ?,?;
2022-04-20 11:21:09.366 [http-nio-8080-exec-8] DEBUG c.b.communityApp.dao.ProductDao.queryProductList - ==> Parameters: 1(Long), 1(Integer), 9(Integer), 3(Integer)
2022-04-20 11:21:09.616 [http-nio-8080-exec-8] DEBUG c.b.communityApp.dao.ProductDao.queryProductList - <==      Total: 3
2022-04-20 11:21:09.617 [http-nio-8080-exec-8] DEBUG c.b.communityApp.dao.ProductDao.queryProductCount - ==>  Preparing: SELECT count(1) FROM tb_product WHERE shop_id = ? and enable_status = ?
2022-04-20 11:21:09.617 [http-nio-8080-exec-8] DEBUG c.b.communityApp.dao.ProductDao.queryProductCount - ==> Parameters: 1(Long), 1(Integer)
2022-04-20 11:21:09.655 [http-nio-8080-exec-8] DEBUG c.b.communityApp.dao.ProductDao.queryProductCount - <==      Total: 1
2022-04-20 11:21:10.598 [http-nio-8080-exec-2] DEBUG c.b.communityApp.dao.ProductDao.queryProductList - ==>  Preparing: SELECT product_id, product_name, product_desc, img_addr, normal_price, promotion_price, priority, create_time, last_edit_time, enable_status, point, product_category_id, shop_id FROM tb_product WHERE shop_id = ? and enable_status = ? ORDER BY priority DESC LIMIT ?,?;
2022-04-20 11:21:10.599 [http-nio-8080-exec-2] DEBUG c.b.communityApp.dao.ProductDao.queryProductList - ==> Parameters: 1(Long), 1(Integer), 12(Integer), 3(Integer)
2022-04-20 11:21:10.695 [http-nio-8080-exec-2] DEBUG c.b.communityApp.dao.ProductDao.queryProductList - <==      Total: 3
2022-04-20 11:21:10.696 [http-nio-8080-exec-2] DEBUG c.b.communityApp.dao.ProductDao.queryProductCount - ==>  Preparing: SELECT count(1) FROM tb_product WHERE shop_id = ? and enable_status = ?
2022-04-20 11:21:10.696 [http-nio-8080-exec-2] DEBUG c.b.communityApp.dao.ProductDao.queryProductCount - ==> Parameters: 1(Long), 1(Integer)
2022-04-20 11:21:10.730 [http-nio-8080-exec-2] DEBUG c.b.communityApp.dao.ProductDao.queryProductCount - <==      Total: 1
2022-04-20 11:21:13.728 [http-nio-8080-exec-7] DEBUG ca.bytetube.communityApp.dao.ShopDao.queryShopList - ==>  Preparing: SELECT s.shop_id, s.shop_name, s.shop_desc, s.shop_addr, s.phone, s.shop_img, s.priority, s.create_time, s.last_edit_time, s.enable_status, s.advice, a.area_id, a.area_name, sc.shop_category_id, sc.shop_category_name FROM tb_shop s, tb_area a, tb_shop_category sc WHERE s.shop_category_id in (select shop_category_id from tb_shop_category WHERE parent_id = ?) and s.enable_status = ? AND s.area_id=a.area_id AND s.shop_category_id = sc.shop_category_id ORDER BY s.priority DESC LIMIT ?,?;
2022-04-20 11:21:13.729 [http-nio-8080-exec-7] DEBUG ca.bytetube.communityApp.dao.ShopDao.queryShopList - ==> Parameters: 3(Long), 1(Integer), 0(Integer), 8(Integer)
2022-04-20 11:21:13.811 [http-nio-8080-exec-7] DEBUG ca.bytetube.communityApp.dao.ShopDao.queryShopList - <==      Total: 2
2022-04-20 11:21:13.812 [http-nio-8080-exec-7] DEBUG c.bytetube.communityApp.dao.ShopDao.queryShopCount - ==>  Preparing: SELECT count(1) FROM tb_shop s, tb_area a, tb_shop_category sc WHERE s.shop_category_id in (select shop_category_id from tb_shop_category WHERE parent_id = ?) and s.enable_status = ? AND s.area_id=a.area_id AND s.shop_category_id = sc.shop_category_id
2022-04-20 11:21:13.813 [http-nio-8080-exec-7] DEBUG c.bytetube.communityApp.dao.ShopDao.queryShopCount - ==> Parameters: 3(Long), 1(Integer)
2022-04-20 11:21:13.843 [http-nio-8080-exec-7] DEBUG c.bytetube.communityApp.dao.ShopDao.queryShopCount - <==      Total: 1
2022-04-20 11:21:13.916 [http-nio-8080-exec-3] DEBUG c.b.c.dao.ShopCategoryDao.queryShopCategory - ==>  Preparing: SELECT shop_category_id, shop_category_name, shop_category_desc, shop_category_img, priority, create_time, last_edit_time, parent_id FROM tb_shop_category WHERE parent_id is not null and parent_id = ? ORDER BY priority DESC
2022-04-20 11:21:13.916 [http-nio-8080-exec-3] DEBUG c.b.c.dao.ShopCategoryDao.queryShopCategory - ==> Parameters: 3(Long)
2022-04-20 11:21:13.972 [http-nio-8080-exec-3] DEBUG c.b.c.dao.ShopCategoryDao.queryShopCategory - <==      Total: 4
2022-04-20 11:21:16.088 [http-nio-8080-exec-3] DEBUG c.b.c.dao.ShopCategoryDao.queryShopCategory - ==>  Preparing: SELECT shop_category_id, shop_category_name, shop_category_desc, shop_category_img, priority, create_time, last_edit_time, parent_id FROM tb_shop_category WHERE parent_id is null ORDER BY priority DESC
2022-04-20 11:21:16.089 [http-nio-8080-exec-3] DEBUG c.b.c.dao.ShopCategoryDao.queryShopCategory - ==> Parameters: 
2022-04-20 11:21:16.128 [http-nio-8080-exec-3] DEBUG c.b.c.dao.ShopCategoryDao.queryShopCategory - <==      Total: 8
2022-04-20 11:29:54.245 [main] DEBUG ca.bytetube.communityApp.CommunityappApplication - Running with Spring Boot v2.6.6, Spring v5.3.18
2022-04-20 12:51:18.806 [main] DEBUG ca.bytetube.communityApp.CommunityappApplication - Running with Spring Boot v2.6.6, Spring v5.3.18
2022-04-20 12:51:28.857 [http-nio-8080-exec-9] DEBUG c.b.c.dao.ShopCategoryDao.queryShopCategory - ==>  Preparing: SELECT shop_category_id, shop_category_name, shop_category_desc, shop_category_img, priority, create_time, last_edit_time, parent_id FROM tb_shop_category WHERE parent_id is null ORDER BY priority DESC
2022-04-20 12:51:28.881 [http-nio-8080-exec-9] DEBUG c.b.c.dao.ShopCategoryDao.queryShopCategory - ==> Parameters: 
2022-04-20 12:51:28.940 [http-nio-8080-exec-9] DEBUG c.b.c.dao.ShopCategoryDao.queryShopCategory - <==      Total: 8
2022-04-20 12:51:45.216 [http-nio-8080-exec-10] DEBUG c.b.c.dao.LocalAuthDao.queryLocalByUserNameAndPwd - ==>  Preparing: SELECT l.local_auth_id, l.user_name, l.password, l.create_time, l.last_edit_time, p.user_id, p.name, p.gender, p.email, p.profile_img, p.user_type, p.create_time, p.last_edit_time, p.enable_status FROM tb_local_auth l LEFT JOIN tb_person_info p ON l.user_id = p.user_id WHERE l.user_name = ? AND l.password = ?
2022-04-20 12:51:45.218 [http-nio-8080-exec-10] DEBUG c.b.c.dao.LocalAuthDao.queryLocalByUserNameAndPwd - ==> Parameters: bytetube(String), s6esl9550b5b0ysbbs505q6s2992565s(String)
2022-04-20 12:51:45.266 [http-nio-8080-exec-10] DEBUG c.b.c.dao.LocalAuthDao.queryLocalByUserNameAndPwd - <==      Total: 1
2022-04-20 12:51:45.415 [http-nio-8080-exec-7] DEBUG ca.bytetube.communityApp.dao.ShopDao.queryShopList - ==>  Preparing: SELECT s.shop_id, s.shop_name, s.shop_desc, s.shop_addr, s.phone, s.shop_img, s.priority, s.create_time, s.last_edit_time, s.enable_status, s.advice, a.area_id, a.area_name, sc.shop_category_id, sc.shop_category_name FROM tb_shop s, tb_area a, tb_shop_category sc WHERE s.owner_id = ? AND s.area_id=a.area_id AND s.shop_category_id = sc.shop_category_id ORDER BY s.priority DESC LIMIT ?,?;
2022-04-20 12:51:45.416 [http-nio-8080-exec-7] DEBUG ca.bytetube.communityApp.dao.ShopDao.queryShopList - ==> Parameters: 1(Long), 0(Integer), 100(Integer)
2022-04-20 12:51:45.469 [http-nio-8080-exec-7] DEBUG ca.bytetube.communityApp.dao.ShopDao.queryShopList - <==      Total: 21
2022-04-20 12:51:45.470 [http-nio-8080-exec-7] DEBUG c.bytetube.communityApp.dao.ShopDao.queryShopCount - ==>  Preparing: SELECT count(1) FROM tb_shop s, tb_area a, tb_shop_category sc WHERE s.owner_id = ? AND s.area_id=a.area_id AND s.shop_category_id = sc.shop_category_id
2022-04-20 12:51:45.470 [http-nio-8080-exec-7] DEBUG c.bytetube.communityApp.dao.ShopDao.queryShopCount - ==> Parameters: 1(Long)
2022-04-20 12:51:45.501 [http-nio-8080-exec-7] DEBUG c.bytetube.communityApp.dao.ShopDao.queryShopCount - <==      Total: 1
2022-04-20 12:51:48.784 [http-nio-8080-exec-2] DEBUG c.b.communityApp.dao.ProductDao.queryProductList - ==>  Preparing: SELECT product_id, product_name, product_desc, img_addr, normal_price, promotion_price, priority, create_time, last_edit_time, enable_status, point, product_category_id, shop_id FROM tb_product WHERE shop_id = ? ORDER BY priority DESC LIMIT ?,?;
2022-04-20 12:51:48.788 [http-nio-8080-exec-2] DEBUG c.b.communityApp.dao.ProductDao.queryProductList - ==> Parameters: 1(Long), 0(Integer), 999(Integer)
2022-04-20 12:51:48.827 [http-nio-8080-exec-2] DEBUG c.b.communityApp.dao.ProductDao.queryProductList - <==      Total: 20
2022-04-20 12:51:48.828 [http-nio-8080-exec-2] DEBUG c.b.communityApp.dao.ProductDao.queryProductCount - ==>  Preparing: SELECT count(1) FROM tb_product WHERE shop_id = ?
2022-04-20 12:51:48.828 [http-nio-8080-exec-2] DEBUG c.b.communityApp.dao.ProductDao.queryProductCount - ==> Parameters: 1(Long)
2022-04-20 12:51:48.862 [http-nio-8080-exec-2] DEBUG c.b.communityApp.dao.ProductDao.queryProductCount - <==      Total: 1
2022-04-20 12:51:55.072 [http-nio-8080-exec-6] DEBUG c.b.communityApp.dao.ProductDao.queryProductById - ==>  Preparing: SELECT p.product_id, p.product_name, p.product_desc, p.img_addr, p.normal_price, p.promotion_price, p.priority, p.create_time, p.last_edit_time, p.enable_status, p.point, p.product_category_id, p.shop_id, pm.product_img_id, pm.img_addr AS detail_img, pm.img_desc, pm.priority, pm.create_time FROM tb_product p LEFT JOIN tb_product_img pm ON p.product_id = pm.product_id WHERE p.product_id = ? ORDER BY pm.priority DESC
2022-04-20 12:51:55.072 [http-nio-8080-exec-6] DEBUG c.b.communityApp.dao.ProductDao.queryProductById - ==> Parameters: 1(Long)
2022-04-20 12:51:55.112 [http-nio-8080-exec-6] DEBUG c.b.communityApp.dao.ProductDao.queryProductById - <==      Total: 1
2022-04-20 12:52:01.565 [http-nio-8080-exec-3] DEBUG c.b.communityApp.dao.ProductDao.queryProductById - ==>  Preparing: SELECT p.product_id, p.product_name, p.product_desc, p.img_addr, p.normal_price, p.promotion_price, p.priority, p.create_time, p.last_edit_time, p.enable_status, p.point, p.product_category_id, p.shop_id, pm.product_img_id, pm.img_addr AS detail_img, pm.img_desc, pm.priority, pm.create_time FROM tb_product p LEFT JOIN tb_product_img pm ON p.product_id = pm.product_id WHERE p.product_id = ? ORDER BY pm.priority DESC
2022-04-20 12:52:01.566 [http-nio-8080-exec-3] DEBUG c.b.communityApp.dao.ProductDao.queryProductById - ==> Parameters: 1(Long)
2022-04-20 12:52:01.605 [http-nio-8080-exec-3] DEBUG c.b.communityApp.dao.ProductDao.queryProductById - <==      Total: 1
2022-04-20 12:52:01.607 [http-nio-8080-exec-3] DEBUG c.b.c.d.P.queryProductCategoryList - ==>  Preparing: SELECT product_category_id, product_category_name, priority, create_time, shop_id FROM tb_product_category WHERE shop_id = ? ORDER BY priority DESC
2022-04-20 12:52:01.608 [http-nio-8080-exec-3] DEBUG c.b.c.d.P.queryProductCategoryList - ==> Parameters: 1(Long)
2022-04-20 12:52:01.652 [http-nio-8080-exec-3] DEBUG c.b.c.d.P.queryProductCategoryList - <==      Total: 10
2022-04-20 12:52:33.243 [http-nio-8080-exec-5] DEBUG c.b.communityApp.dao.ProductDao.queryProductById - ==>  Preparing: SELECT p.product_id, p.product_name, p.product_desc, p.img_addr, p.normal_price, p.promotion_price, p.priority, p.create_time, p.last_edit_time, p.enable_status, p.point, p.product_category_id, p.shop_id, pm.product_img_id, pm.img_addr AS detail_img, pm.img_desc, pm.priority, pm.create_time FROM tb_product p LEFT JOIN tb_product_img pm ON p.product_id = pm.product_id WHERE p.product_id = ? ORDER BY pm.priority DESC
2022-04-20 12:52:33.243 [http-nio-8080-exec-5] DEBUG c.b.communityApp.dao.ProductDao.queryProductById - ==> Parameters: 1(Long)
2022-04-20 12:52:33.279 [http-nio-8080-exec-5] DEBUG c.b.communityApp.dao.ProductDao.queryProductById - <==      Total: 1
2022-04-20 12:52:33.283 [http-nio-8080-exec-5] DEBUG ca.bytetube.communityApp.util.ImageUtil - current relativeAddr is :/upload/images/item/shop/1/2022042012523313518.jpg
2022-04-20 12:52:33.283 [http-nio-8080-exec-5] DEBUG ca.bytetube.communityApp.util.ImageUtil - current complete addr is :/Users/dalluo/Desktop/image/upload/images/item/shop/1/2022042012523313518.jpg
2022-04-20 12:52:33.283 [http-nio-8080-exec-5] DEBUG ca.bytetube.communityApp.util.ImageUtil - basePath is :/Users/dalluo/Desktop/IdeaProjects/communityApp/target/classes/
2022-04-20 12:52:33.361 [http-nio-8080-exec-5] DEBUG c.b.communityApp.dao.ProductDao.updateProduct - ==>  Preparing: UPDATE tb_product SET product_name=?, product_desc=?, img_addr=?, normal_price=?, promotion_price=?, priority=?, last_edit_time=?, point=?, product_category_id=? WHERE product_id = ? AND shop_id=?
2022-04-20 12:52:33.363 [http-nio-8080-exec-5] DEBUG c.b.communityApp.dao.ProductDao.updateProduct - ==> Parameters: TEST(String), TEST(String), /upload/images/item/shop/1/2022042012523313518.jpg(String), 1000(String), 500(String), 1000(Integer), 2022-04-20 12:52:33.239(Timestamp), 10(Integer), 20(Long), 1(Long), 1(Long)
2022-04-20 12:52:33.431 [http-nio-8080-exec-5] DEBUG c.b.communityApp.dao.ProductDao.updateProduct - <==    Updates: 1
2022-04-20 12:53:40.175 [http-nio-8080-exec-7] DEBUG c.b.communityApp.dao.ProductDao.queryProductList - ==>  Preparing: SELECT product_id, product_name, product_desc, img_addr, normal_price, promotion_price, priority, create_time, last_edit_time, enable_status, point, product_category_id, shop_id FROM tb_product WHERE shop_id = ? ORDER BY priority DESC LIMIT ?,?;
2022-04-20 12:53:40.176 [http-nio-8080-exec-7] DEBUG c.b.communityApp.dao.ProductDao.queryProductList - ==> Parameters: 1(Long), 0(Integer), 999(Integer)
2022-04-20 12:53:40.214 [http-nio-8080-exec-7] DEBUG c.b.communityApp.dao.ProductDao.queryProductList - <==      Total: 20
2022-04-20 12:53:40.215 [http-nio-8080-exec-7] DEBUG c.b.communityApp.dao.ProductDao.queryProductCount - ==>  Preparing: SELECT count(1) FROM tb_product WHERE shop_id = ?
2022-04-20 12:53:40.215 [http-nio-8080-exec-7] DEBUG c.b.communityApp.dao.ProductDao.queryProductCount - ==> Parameters: 1(Long)
2022-04-20 12:53:40.248 [http-nio-8080-exec-7] DEBUG c.b.communityApp.dao.ProductDao.queryProductCount - <==      Total: 1
2022-04-20 12:53:42.620 [http-nio-8080-exec-3] DEBUG c.b.communityApp.dao.ProductDao.queryProductById - ==>  Preparing: SELECT p.product_id, p.product_name, p.product_desc, p.img_addr, p.normal_price, p.promotion_price, p.priority, p.create_time, p.last_edit_time, p.enable_status, p.point, p.product_category_id, p.shop_id, pm.product_img_id, pm.img_addr AS detail_img, pm.img_desc, pm.priority, pm.create_time FROM tb_product p LEFT JOIN tb_product_img pm ON p.product_id = pm.product_id WHERE p.product_id = ? ORDER BY pm.priority DESC
2022-04-20 12:53:42.620 [http-nio-8080-exec-3] DEBUG c.b.communityApp.dao.ProductDao.queryProductById - ==> Parameters: 1(Long)
2022-04-20 12:53:42.653 [http-nio-8080-exec-3] DEBUG c.b.communityApp.dao.ProductDao.queryProductById - <==      Total: 1
2022-04-20 14:50:45.217 [main] DEBUG ca.bytetube.communityApp.CommunityappApplication - Running with Spring Boot v2.6.6, Spring v5.3.18
2022-04-20 14:52:31.017 [main] DEBUG c.b.communityApp.CommunityappApplicationTests - Running with Spring Boot v2.6.6, Spring v5.3.18
2022-04-20 14:53:14.734 [main] DEBUG c.b.communityApp.CommunityappApplicationTests - Running with Spring Boot v2.6.6, Spring v5.3.18
2022-04-20 14:55:53.840 [main] DEBUG c.b.communityApp.CommunityappApplicationTests - Running with Spring Boot v2.6.6, Spring v5.3.18
2022-04-20 14:59:51.193 [main] DEBUG c.b.communityApp.CommunityappApplicationTests - Running with Spring Boot v2.6.6, Spring v5.3.18
2022-04-20 15:29:01.899 [main] DEBUG c.b.communityApp.CommunityappApplicationTests - Running with Spring Boot v2.6.6, Spring v5.3.18
2022-04-20 16:00:44.952 [main] DEBUG ca.bytetube.communityApp.dao.AwardDaoTest - Running with Spring Boot v2.6.6, Spring v5.3.18
2022-04-20 16:00:48.391 [main] DEBUG ca.bytetube.communityApp.dao.AwardDao.insertAward - ==>  Preparing: INSERT INTO tb_award(award_name,award_desc,award_img, point,priority,create_time, last_edit_time,enable_status,shop_id) VALUES (?,?,?, ?,?,?, ?,?,?)
2022-04-20 16:00:48.426 [main] DEBUG ca.bytetube.communityApp.dao.AwardDao.insertAward - ==> Parameters: test1(String), null, test1(String), 5(Integer), 1(Integer), 2022-04-20 16:00:47.655(Timestamp), 2022-04-20 16:00:47.655(Timestamp), 1(Integer), 1(Long)
2022-04-20 16:00:48.514 [main] DEBUG ca.bytetube.communityApp.dao.AwardDao.insertAward - <==    Updates: 1
2022-04-20 16:00:48.530 [main] DEBUG ca.bytetube.communityApp.dao.AwardDao.insertAward - ==>  Preparing: INSERT INTO tb_award(award_name,award_desc,award_img, point,priority,create_time, last_edit_time,enable_status,shop_id) VALUES (?,?,?, ?,?,?, ?,?,?)
2022-04-20 16:00:48.531 [main] DEBUG ca.bytetube.communityApp.dao.AwardDao.insertAward - ==> Parameters: test2(String), null, test2(String), 2(Integer), 2(Integer), 2022-04-20 16:00:48.53(Timestamp), 2022-04-20 16:00:48.53(Timestamp), 0(Integer), 1(Long)
2022-04-20 16:00:48.604 [main] DEBUG ca.bytetube.communityApp.dao.AwardDao.insertAward - <==    Updates: 1
2022-04-20 16:00:48.646 [main] DEBUG c.b.communityApp.dao.AwardDao.queryAwardList - ==>  Preparing: SELECT award_id, award_name, award_desc, award_img, point, priority, create_time, last_edit_time, enable_status, shop_id FROM tb_award ORDER BY priority DESC LIMIT ?,?;
2022-04-20 16:00:48.647 [main] DEBUG c.b.communityApp.dao.AwardDao.queryAwardList - ==> Parameters: 0(Integer), 3(Integer)
2022-04-20 16:00:48.696 [main] DEBUG c.b.communityApp.dao.AwardDao.queryAwardList - <==      Total: 2
2022-04-20 16:00:48.760 [main] DEBUG c.b.communityApp.dao.AwardDao.queryAwardList - ==>  Preparing: SELECT award_id, award_name, award_desc, award_img, point, priority, create_time, last_edit_time, enable_status, shop_id FROM tb_award WHERE award_name like '%test1%' ORDER BY priority DESC LIMIT ?,?;
2022-04-20 16:00:48.760 [main] DEBUG c.b.communityApp.dao.AwardDao.queryAwardList - ==> Parameters: 0(Integer), 1(Integer)
2022-04-20 16:00:48.797 [main] DEBUG c.b.communityApp.dao.AwardDao.queryAwardList - <==      Total: 1
2022-04-20 16:00:48.798 [main] DEBUG c.b.communityApp.dao.AwardDao.queryAwardByAwardId - ==>  Preparing: SELECT award_id, award_name, award_desc, award_img, point, priority, create_time, last_edit_time, enable_status, shop_id FROM tb_award WHERE award_id = ?
2022-04-20 16:00:48.798 [main] DEBUG c.b.communityApp.dao.AwardDao.queryAwardByAwardId - ==> Parameters: 1(Long)
2022-04-20 16:00:48.836 [main] DEBUG c.b.communityApp.dao.AwardDao.queryAwardByAwardId - <==      Total: 1
2022-04-20 16:00:48.840 [main] DEBUG c.b.communityApp.dao.AwardDao.queryAwardList - ==>  Preparing: SELECT award_id, award_name, award_desc, award_img, point, priority, create_time, last_edit_time, enable_status, shop_id FROM tb_award WHERE award_name like '%test1%' ORDER BY priority DESC LIMIT ?,?;
2022-04-20 16:00:48.841 [main] DEBUG c.b.communityApp.dao.AwardDao.queryAwardList - ==> Parameters: 0(Integer), 1(Integer)
2022-04-20 16:00:48.878 [main] DEBUG c.b.communityApp.dao.AwardDao.queryAwardList - <==      Total: 1
2022-04-20 16:00:49.137 [main] DEBUG ca.bytetube.communityApp.dao.AwardDao.updateAward - ==>  Preparing: UPDATE tb_award SET award_name=?, award_img=?, point=?, priority=?, last_edit_time=?, enable_status=? WHERE award_id=? AND shop_id=?
2022-04-20 16:00:49.138 [main] DEBUG ca.bytetube.communityApp.dao.AwardDao.updateAward - ==> Parameters: first test award(String), test1(String), 5(Integer), 1(Integer), 2022-04-20 16:00:48.0(Timestamp), 1(Integer), 1(Long), 1(Long)
2022-04-20 16:00:49.201 [main] DEBUG ca.bytetube.communityApp.dao.AwardDao.updateAward - <==    Updates: 1
2022-04-20 16:00:49.202 [main] DEBUG c.b.communityApp.dao.AwardDao.queryAwardByAwardId - ==>  Preparing: SELECT award_id, award_name, award_desc, award_img, point, priority, create_time, last_edit_time, enable_status, shop_id FROM tb_award WHERE award_id = ?
2022-04-20 16:00:49.203 [main] DEBUG c.b.communityApp.dao.AwardDao.queryAwardByAwardId - ==> Parameters: 1(Long)
2022-04-20 16:00:49.241 [main] DEBUG c.b.communityApp.dao.AwardDao.queryAwardByAwardId - <==      Total: 1
2022-04-20 16:00:49.246 [main] DEBUG c.b.communityApp.dao.AwardDao.queryAwardList - ==>  Preparing: SELECT award_id, award_name, award_desc, award_img, point, priority, create_time, last_edit_time, enable_status, shop_id FROM tb_award WHERE award_name like '%test%' ORDER BY priority DESC LIMIT ?,?;
2022-04-20 16:00:49.247 [main] DEBUG c.b.communityApp.dao.AwardDao.queryAwardList - ==> Parameters: 0(Integer), 2(Integer)
2022-04-20 16:00:49.286 [main] DEBUG c.b.communityApp.dao.AwardDao.queryAwardList - <==      Total: 2
2022-04-20 16:00:49.287 [main] DEBUG ca.bytetube.communityApp.dao.AwardDao.deleteAward - ==>  Preparing: DELETE FROM tb_award WHERE award_id = ? AND shop_id=?
2022-04-20 16:00:49.287 [main] DEBUG ca.bytetube.communityApp.dao.AwardDao.deleteAward - ==> Parameters: 2(Long), 1(Long)
2022-04-20 16:00:49.357 [main] DEBUG ca.bytetube.communityApp.dao.AwardDao.deleteAward - <==    Updates: 1
2022-04-20 16:00:49.358 [main] DEBUG ca.bytetube.communityApp.dao.AwardDao.deleteAward - ==>  Preparing: DELETE FROM tb_award WHERE award_id = ? AND shop_id=?
2022-04-20 16:00:49.358 [main] DEBUG ca.bytetube.communityApp.dao.AwardDao.deleteAward - ==> Parameters: 1(Long), 1(Long)
2022-04-20 16:00:49.428 [main] DEBUG ca.bytetube.communityApp.dao.AwardDao.deleteAward - <==    Updates: 1
2022-04-20 16:01:12.590 [main] DEBUG ca.bytetube.communityApp.dao.AwardDaoTest - Running with Spring Boot v2.6.6, Spring v5.3.18
2022-04-20 16:01:15.501 [main] DEBUG ca.bytetube.communityApp.dao.AwardDao.insertAward - ==>  Preparing: INSERT INTO tb_award(award_name,award_desc,award_img, point,priority,create_time, last_edit_time,enable_status,shop_id) VALUES (?,?,?, ?,?,?, ?,?,?)
2022-04-20 16:01:15.531 [main] DEBUG ca.bytetube.communityApp.dao.AwardDao.insertAward - ==> Parameters: test1(String), null, test1(String), 5(Integer), 1(Integer), 2022-04-20 16:01:14.842(Timestamp), 2022-04-20 16:01:14.842(Timestamp), 1(Integer), 1(Long)
2022-04-20 16:01:15.629 [main] DEBUG ca.bytetube.communityApp.dao.AwardDao.insertAward - <==    Updates: 1
2022-04-20 16:01:15.644 [main] DEBUG ca.bytetube.communityApp.dao.AwardDao.insertAward - ==>  Preparing: INSERT INTO tb_award(award_name,award_desc,award_img, point,priority,create_time, last_edit_time,enable_status,shop_id) VALUES (?,?,?, ?,?,?, ?,?,?)
2022-04-20 16:01:15.645 [main] DEBUG ca.bytetube.communityApp.dao.AwardDao.insertAward - ==> Parameters: test2(String), null, test2(String), 2(Integer), 2(Integer), 2022-04-20 16:01:15.644(Timestamp), 2022-04-20 16:01:15.644(Timestamp), 0(Integer), 1(Long)
2022-04-20 16:01:15.713 [main] DEBUG ca.bytetube.communityApp.dao.AwardDao.insertAward - <==    Updates: 1
2022-04-20 16:01:15.752 [main] DEBUG c.b.communityApp.dao.AwardDao.queryAwardList - ==>  Preparing: SELECT award_id, award_name, award_desc, award_img, point, priority, create_time, last_edit_time, enable_status, shop_id FROM tb_award ORDER BY priority DESC LIMIT ?,?;
2022-04-20 16:01:15.752 [main] DEBUG c.b.communityApp.dao.AwardDao.queryAwardList - ==> Parameters: 0(Integer), 3(Integer)
2022-04-20 16:01:15.798 [main] DEBUG c.b.communityApp.dao.AwardDao.queryAwardList - <==      Total: 2
2022-04-20 16:01:15.909 [main] DEBUG c.b.communityApp.dao.AwardDao.queryAwardCount - ==>  Preparing: SELECT count(1) FROM tb_award
2022-04-20 16:01:15.910 [main] DEBUG c.b.communityApp.dao.AwardDao.queryAwardCount - ==> Parameters: 
2022-04-20 16:01:15.950 [main] DEBUG c.b.communityApp.dao.AwardDao.queryAwardCount - <==      Total: 1
2022-04-20 16:01:15.962 [main] DEBUG c.b.communityApp.dao.AwardDao.queryAwardList - ==>  Preparing: SELECT award_id, award_name, award_desc, award_img, point, priority, create_time, last_edit_time, enable_status, shop_id FROM tb_award WHERE award_name like '%test1%' ORDER BY priority DESC LIMIT ?,?;
2022-04-20 16:01:15.963 [main] DEBUG c.b.communityApp.dao.AwardDao.queryAwardList - ==> Parameters: 0(Integer), 1(Integer)
2022-04-20 16:01:16.119 [main] DEBUG c.b.communityApp.dao.AwardDao.queryAwardList - <==      Total: 1
2022-04-20 16:01:16.158 [main] DEBUG c.b.communityApp.dao.AwardDao.queryAwardByAwardId - ==>  Preparing: SELECT award_id, award_name, award_desc, award_img, point, priority, create_time, last_edit_time, enable_status, shop_id FROM tb_award WHERE award_id = ?
2022-04-20 16:01:16.159 [main] DEBUG c.b.communityApp.dao.AwardDao.queryAwardByAwardId - ==> Parameters: 3(Long)
2022-04-20 16:01:16.199 [main] DEBUG c.b.communityApp.dao.AwardDao.queryAwardByAwardId - <==      Total: 1
2022-04-20 16:01:16.332 [main] DEBUG c.b.communityApp.dao.AwardDao.queryAwardList - ==>  Preparing: SELECT award_id, award_name, award_desc, award_img, point, priority, create_time, last_edit_time, enable_status, shop_id FROM tb_award WHERE award_name like '%test1%' ORDER BY priority DESC LIMIT ?,?;
2022-04-20 16:01:16.333 [main] DEBUG c.b.communityApp.dao.AwardDao.queryAwardList - ==> Parameters: 0(Integer), 1(Integer)
2022-04-20 16:01:16.373 [main] DEBUG c.b.communityApp.dao.AwardDao.queryAwardList - <==      Total: 1
2022-04-20 16:01:16.375 [main] DEBUG ca.bytetube.communityApp.dao.AwardDao.updateAward - ==>  Preparing: UPDATE tb_award SET award_name=?, award_img=?, point=?, priority=?, last_edit_time=?, enable_status=? WHERE award_id=? AND shop_id=?
2022-04-20 16:01:16.376 [main] DEBUG ca.bytetube.communityApp.dao.AwardDao.updateAward - ==> Parameters: first test award(String), test1(String), 5(Integer), 1(Integer), 2022-04-20 16:01:15.0(Timestamp), 1(Integer), 3(Long), 1(Long)
2022-04-20 16:01:16.458 [main] DEBUG ca.bytetube.communityApp.dao.AwardDao.updateAward - <==    Updates: 1
2022-04-20 16:01:16.458 [main] DEBUG c.b.communityApp.dao.AwardDao.queryAwardByAwardId - ==>  Preparing: SELECT award_id, award_name, award_desc, award_img, point, priority, create_time, last_edit_time, enable_status, shop_id FROM tb_award WHERE award_id = ?
2022-04-20 16:01:16.459 [main] DEBUG c.b.communityApp.dao.AwardDao.queryAwardByAwardId - ==> Parameters: 3(Long)
2022-04-20 16:01:16.497 [main] DEBUG c.b.communityApp.dao.AwardDao.queryAwardByAwardId - <==      Total: 1
2022-04-20 16:01:16.502 [main] DEBUG c.b.communityApp.dao.AwardDao.queryAwardList - ==>  Preparing: SELECT award_id, award_name, award_desc, award_img, point, priority, create_time, last_edit_time, enable_status, shop_id FROM tb_award WHERE award_name like '%test%' ORDER BY priority DESC LIMIT ?,?;
2022-04-20 16:01:16.504 [main] DEBUG c.b.communityApp.dao.AwardDao.queryAwardList - ==> Parameters: 0(Integer), 2(Integer)
2022-04-20 16:01:16.538 [main] DEBUG c.b.communityApp.dao.AwardDao.queryAwardList - <==      Total: 2
2022-04-20 16:01:16.539 [main] DEBUG ca.bytetube.communityApp.dao.AwardDao.deleteAward - ==>  Preparing: DELETE FROM tb_award WHERE award_id = ? AND shop_id=?
2022-04-20 16:01:16.539 [main] DEBUG ca.bytetube.communityApp.dao.AwardDao.deleteAward - ==> Parameters: 4(Long), 1(Long)
2022-04-20 16:01:16.611 [main] DEBUG ca.bytetube.communityApp.dao.AwardDao.deleteAward - <==    Updates: 1
2022-04-20 16:01:16.611 [main] DEBUG ca.bytetube.communityApp.dao.AwardDao.deleteAward - ==>  Preparing: DELETE FROM tb_award WHERE award_id = ? AND shop_id=?
2022-04-20 16:01:16.612 [main] DEBUG ca.bytetube.communityApp.dao.AwardDao.deleteAward - ==> Parameters: 3(Long), 1(Long)
2022-04-20 16:01:16.684 [main] DEBUG ca.bytetube.communityApp.dao.AwardDao.deleteAward - <==    Updates: 1
2022-04-20 16:01:31.847 [main] DEBUG ca.bytetube.communityApp.dao.AwardDaoTest - Running with Spring Boot v2.6.6, Spring v5.3.18
2022-04-20 16:01:35.039 [main] DEBUG ca.bytetube.communityApp.dao.AwardDao.insertAward - ==>  Preparing: INSERT INTO tb_award(award_name,award_desc,award_img, point,priority,create_time, last_edit_time,enable_status,shop_id) VALUES (?,?,?, ?,?,?, ?,?,?)
2022-04-20 16:01:35.075 [main] DEBUG ca.bytetube.communityApp.dao.AwardDao.insertAward - ==> Parameters: test1(String), null, test1(String), 5(Integer), 1(Integer), 2022-04-20 16:01:34.37(Timestamp), 2022-04-20 16:01:34.37(Timestamp), 1(Integer), 1(Long)
2022-04-20 16:01:35.177 [main] DEBUG ca.bytetube.communityApp.dao.AwardDao.insertAward - <==    Updates: 1
2022-04-20 16:01:35.194 [main] DEBUG ca.bytetube.communityApp.dao.AwardDao.insertAward - ==>  Preparing: INSERT INTO tb_award(award_name,award_desc,award_img, point,priority,create_time, last_edit_time,enable_status,shop_id) VALUES (?,?,?, ?,?,?, ?,?,?)
2022-04-20 16:01:35.195 [main] DEBUG ca.bytetube.communityApp.dao.AwardDao.insertAward - ==> Parameters: test2(String), null, test2(String), 2(Integer), 2(Integer), 2022-04-20 16:01:35.194(Timestamp), 2022-04-20 16:01:35.194(Timestamp), 0(Integer), 1(Long)
2022-04-20 16:01:35.261 [main] DEBUG ca.bytetube.communityApp.dao.AwardDao.insertAward - <==    Updates: 1
2022-04-20 16:01:35.304 [main] DEBUG c.b.communityApp.dao.AwardDao.queryAwardList - ==>  Preparing: SELECT award_id, award_name, award_desc, award_img, point, priority, create_time, last_edit_time, enable_status, shop_id FROM tb_award ORDER BY priority DESC LIMIT ?,?;
2022-04-20 16:01:35.304 [main] DEBUG c.b.communityApp.dao.AwardDao.queryAwardList - ==> Parameters: 0(Integer), 3(Integer)
2022-04-20 16:01:35.363 [main] DEBUG c.b.communityApp.dao.AwardDao.queryAwardList - <==      Total: 2
2022-04-20 16:01:35.469 [main] DEBUG c.b.communityApp.dao.AwardDao.queryAwardCount - ==>  Preparing: SELECT count(1) FROM tb_award
2022-04-20 16:01:35.475 [main] DEBUG c.b.communityApp.dao.AwardDao.queryAwardCount - ==> Parameters: 
2022-04-20 16:01:35.517 [main] DEBUG c.b.communityApp.dao.AwardDao.queryAwardCount - <==      Total: 1
2022-04-20 16:01:35.520 [main] DEBUG c.b.communityApp.dao.AwardDao.queryAwardList - ==>  Preparing: SELECT award_id, award_name, award_desc, award_img, point, priority, create_time, last_edit_time, enable_status, shop_id FROM tb_award WHERE award_name like '%test%' ORDER BY priority DESC LIMIT ?,?;
2022-04-20 16:01:35.521 [main] DEBUG c.b.communityApp.dao.AwardDao.queryAwardList - ==> Parameters: 0(Integer), 3(Integer)
2022-04-20 16:01:35.554 [main] DEBUG c.b.communityApp.dao.AwardDao.queryAwardList - <==      Total: 2
2022-04-20 16:01:35.555 [main] DEBUG c.b.communityApp.dao.AwardDao.queryAwardCount - ==>  Preparing: SELECT count(1) FROM tb_award WHERE award_name like '%test%'
2022-04-20 16:01:35.555 [main] DEBUG c.b.communityApp.dao.AwardDao.queryAwardCount - ==> Parameters: 
2022-04-20 16:01:35.586 [main] DEBUG c.b.communityApp.dao.AwardDao.queryAwardCount - <==      Total: 1
2022-04-20 16:01:35.892 [main] DEBUG c.b.communityApp.dao.AwardDao.queryAwardList - ==>  Preparing: SELECT award_id, award_name, award_desc, award_img, point, priority, create_time, last_edit_time, enable_status, shop_id FROM tb_award WHERE award_name like '%test1%' ORDER BY priority DESC LIMIT ?,?;
2022-04-20 16:01:35.893 [main] DEBUG c.b.communityApp.dao.AwardDao.queryAwardList - ==> Parameters: 0(Integer), 1(Integer)
2022-04-20 16:01:35.936 [main] DEBUG c.b.communityApp.dao.AwardDao.queryAwardList - <==      Total: 1
2022-04-20 16:01:35.937 [main] DEBUG c.b.communityApp.dao.AwardDao.queryAwardByAwardId - ==>  Preparing: SELECT award_id, award_name, award_desc, award_img, point, priority, create_time, last_edit_time, enable_status, shop_id FROM tb_award WHERE award_id = ?
2022-04-20 16:01:35.938 [main] DEBUG c.b.communityApp.dao.AwardDao.queryAwardByAwardId - ==> Parameters: 5(Long)
2022-04-20 16:01:35.971 [main] DEBUG c.b.communityApp.dao.AwardDao.queryAwardByAwardId - <==      Total: 1
2022-04-20 16:01:35.975 [main] DEBUG c.b.communityApp.dao.AwardDao.queryAwardList - ==>  Preparing: SELECT award_id, award_name, award_desc, award_img, point, priority, create_time, last_edit_time, enable_status, shop_id FROM tb_award WHERE award_name like '%test1%' ORDER BY priority DESC LIMIT ?,?;
2022-04-20 16:01:35.976 [main] DEBUG c.b.communityApp.dao.AwardDao.queryAwardList - ==> Parameters: 0(Integer), 1(Integer)
2022-04-20 16:01:36.018 [main] DEBUG c.b.communityApp.dao.AwardDao.queryAwardList - <==      Total: 1
2022-04-20 16:01:36.020 [main] DEBUG ca.bytetube.communityApp.dao.AwardDao.updateAward - ==>  Preparing: UPDATE tb_award SET award_name=?, award_img=?, point=?, priority=?, last_edit_time=?, enable_status=? WHERE award_id=? AND shop_id=?
2022-04-20 16:01:36.021 [main] DEBUG ca.bytetube.communityApp.dao.AwardDao.updateAward - ==> Parameters: first test award(String), test1(String), 5(Integer), 1(Integer), 2022-04-20 16:01:34.0(Timestamp), 1(Integer), 5(Long), 1(Long)
2022-04-20 16:01:36.087 [main] DEBUG ca.bytetube.communityApp.dao.AwardDao.updateAward - <==    Updates: 1
2022-04-20 16:01:36.088 [main] DEBUG c.b.communityApp.dao.AwardDao.queryAwardByAwardId - ==>  Preparing: SELECT award_id, award_name, award_desc, award_img, point, priority, create_time, last_edit_time, enable_status, shop_id FROM tb_award WHERE award_id = ?
2022-04-20 16:01:36.088 [main] DEBUG c.b.communityApp.dao.AwardDao.queryAwardByAwardId - ==> Parameters: 5(Long)
2022-04-20 16:01:36.124 [main] DEBUG c.b.communityApp.dao.AwardDao.queryAwardByAwardId - <==      Total: 1
2022-04-20 16:01:36.129 [main] DEBUG c.b.communityApp.dao.AwardDao.queryAwardList - ==>  Preparing: SELECT award_id, award_name, award_desc, award_img, point, priority, create_time, last_edit_time, enable_status, shop_id FROM tb_award WHERE award_name like '%test%' ORDER BY priority DESC LIMIT ?,?;
2022-04-20 16:01:36.129 [main] DEBUG c.b.communityApp.dao.AwardDao.queryAwardList - ==> Parameters: 0(Integer), 2(Integer)
2022-04-20 16:01:36.165 [main] DEBUG c.b.communityApp.dao.AwardDao.queryAwardList - <==      Total: 2
2022-04-20 16:01:36.166 [main] DEBUG ca.bytetube.communityApp.dao.AwardDao.deleteAward - ==>  Preparing: DELETE FROM tb_award WHERE award_id = ? AND shop_id=?
2022-04-20 16:01:36.167 [main] DEBUG ca.bytetube.communityApp.dao.AwardDao.deleteAward - ==> Parameters: 6(Long), 1(Long)
2022-04-20 16:01:36.231 [main] DEBUG ca.bytetube.communityApp.dao.AwardDao.deleteAward - <==    Updates: 1
2022-04-20 16:01:36.232 [main] DEBUG ca.bytetube.communityApp.dao.AwardDao.deleteAward - ==>  Preparing: DELETE FROM tb_award WHERE award_id = ? AND shop_id=?
2022-04-20 16:01:36.232 [main] DEBUG ca.bytetube.communityApp.dao.AwardDao.deleteAward - ==> Parameters: 5(Long), 1(Long)
2022-04-20 16:01:36.303 [main] DEBUG ca.bytetube.communityApp.dao.AwardDao.deleteAward - <==    Updates: 1
2022-04-20 16:02:09.318 [main] DEBUG ca.bytetube.communityApp.dao.AwardDaoTest - Running with Spring Boot v2.6.6, Spring v5.3.18
2022-04-20 16:02:12.296 [main] DEBUG ca.bytetube.communityApp.dao.AwardDao.insertAward - ==>  Preparing: INSERT INTO tb_award(award_name,award_desc,award_img, point,priority,create_time, last_edit_time,enable_status,shop_id) VALUES (?,?,?, ?,?,?, ?,?,?)
2022-04-20 16:02:12.324 [main] DEBUG ca.bytetube.communityApp.dao.AwardDao.insertAward - ==> Parameters: test1(String), null, test1(String), 5(Integer), 1(Integer), 2022-04-20 16:02:11.649(Timestamp), 2022-04-20 16:02:11.649(Timestamp), 1(Integer), 1(Long)
2022-04-20 16:02:12.401 [main] DEBUG ca.bytetube.communityApp.dao.AwardDao.insertAward - <==    Updates: 1
2022-04-20 16:02:12.417 [main] DEBUG ca.bytetube.communityApp.dao.AwardDao.insertAward - ==>  Preparing: INSERT INTO tb_award(award_name,award_desc,award_img, point,priority,create_time, last_edit_time,enable_status,shop_id) VALUES (?,?,?, ?,?,?, ?,?,?)
2022-04-20 16:02:12.417 [main] DEBUG ca.bytetube.communityApp.dao.AwardDao.insertAward - ==> Parameters: test2(String), null, test2(String), 2(Integer), 2(Integer), 2022-04-20 16:02:12.416(Timestamp), 2022-04-20 16:02:12.416(Timestamp), 0(Integer), 1(Long)
2022-04-20 16:02:12.493 [main] DEBUG ca.bytetube.communityApp.dao.AwardDao.insertAward - <==    Updates: 1
2022-04-20 16:02:30.391 [main] DEBUG ca.bytetube.communityApp.dao.AwardDaoTest - Running with Spring Boot v2.6.6, Spring v5.3.18
2022-04-20 16:02:33.301 [main] DEBUG c.b.communityApp.dao.AwardDao.queryAwardList - ==>  Preparing: SELECT award_id, award_name, award_desc, award_img, point, priority, create_time, last_edit_time, enable_status, shop_id FROM tb_award WHERE award_name like '%test%' ORDER BY priority DESC LIMIT ?,?;
2022-04-20 16:02:33.327 [main] DEBUG c.b.communityApp.dao.AwardDao.queryAwardList - ==> Parameters: 0(Integer), 2(Integer)
2022-04-20 16:02:33.378 [main] DEBUG c.b.communityApp.dao.AwardDao.queryAwardList - <==      Total: 2
2022-04-20 16:02:33.382 [main] DEBUG ca.bytetube.communityApp.dao.AwardDao.deleteAward - ==>  Preparing: DELETE FROM tb_award WHERE award_id = ? AND shop_id=?
2022-04-20 16:02:33.382 [main] DEBUG ca.bytetube.communityApp.dao.AwardDao.deleteAward - ==> Parameters: 8(Long), 1(Long)
2022-04-20 16:02:33.466 [main] DEBUG ca.bytetube.communityApp.dao.AwardDao.deleteAward - <==    Updates: 1
2022-04-20 16:02:33.467 [main] DEBUG ca.bytetube.communityApp.dao.AwardDao.deleteAward - ==>  Preparing: DELETE FROM tb_award WHERE award_id = ? AND shop_id=?
2022-04-20 16:02:33.468 [main] DEBUG ca.bytetube.communityApp.dao.AwardDao.deleteAward - ==> Parameters: 7(Long), 1(Long)
2022-04-20 16:02:33.536 [main] DEBUG ca.bytetube.communityApp.dao.AwardDao.deleteAward - <==    Updates: 1
